5.678691383357061806e-01
5.716163158451361692e-01
5.701888305287079461e-01
5.716143774408676270e-01
5.716268967839379656e-01
5.682103675134226872e-01
5.707040836374700499e-01
5.714764301263639545e-01
5.710553100422151029e-01
5.678038398103930628e-01
5.548510482220599949e-01
5.659968386399202300e-01
5.711226146921108970e-01
5.714639081221498662e-01
5.558703207849904349e-01
5.716056684171002544e-01
5.716245111769500120e-01
5.710090287457388891e-01
5.713905255634605940e-01
5.707414664037890883e-01
5.675799717412270962e-01
5.630880572202092704e-01
5.700704706577823799e-01
5.678691383357061806e-01
5.678691383357061806e-01
5.708681823213535012e-01
5.678691383357061806e-01
5.698057136203492634e-01
5.715610360819587399e-01
5.659066898323781292e-01
5.692714376248140251e-01
5.714460112474333275e-01
5.710616098133787233e-01
5.678691383357061806e-01
5.711190142010031945e-01
5.691501072136820882e-01
5.236394564076016778e-01
5.714779102738354322e-01
5.711560784300966365e-01
5.706879956751387262e-01
5.659968386399202300e-01
5.714344713917134388e-01
5.708129070051991549e-01
5.629144640203975758e-01
5.668629752704028579e-01
5.662614216137649148e-01
5.699073528444814629e-01
5.705119227554180661e-01
5.695932532858323238e-01
5.711479051248045113e-01
4.832617163885204459e-01
5.709618394750557435e-01
5.705933217260694690e-01
5.487782705478866374e-01
5.716240428767338511e-01
5.705777114725121280e-01
5.680911609219949643e-01
5.716237312830256823e-01
5.680275786680764050e-01
5.659968386399202300e-01
5.710799761849136846e-01
5.654712998621129749e-01
5.715452242992746790e-01
5.711724173178852615e-01
5.706475759858131713e-01
5.711675855628726151e-01
5.716251122474997892e-01
5.716251107607481785e-01
5.700992557369595204e-01
5.615116481536428505e-01
5.712985610042733420e-01
5.678691383357061806e-01
5.622651163918700457e-01
5.716101422925676800e-01
5.467078053137939264e-01
5.703750644314178331e-01
5.700983298472201977e-01
5.714900879475049988e-01
5.566623164263038159e-01
5.334911944823805818e-01
5.715228197598871684e-01
5.694799764870358549e-01
5.715988694025706529e-01
5.707893863353581398e-01
5.715539263957725158e-01
5.676210704558599662e-01
5.711325726118579027e-01
5.678691383357061806e-01
5.714414107062484316e-01
5.710233903290007351e-01
5.690022035343326179e-01
5.710927661140374756e-01
5.686155324664194932e-01
5.670054666781438879e-01
5.684309224687387196e-01
5.709459086293784402e-01
5.678691383357061806e-01
5.706204639918031063e-01
5.197124356301625614e-01
5.674934441896983817e-01
5.716269924363051036e-01
5.710203639906936690e-01
5.666969359592981537e-01
5.715449770846312560e-01
5.678691383357061806e-01
5.706208981417422166e-01
5.696361344052952580e-01
5.711450212159954187e-01
5.709059051937115381e-01
5.691475194833943707e-01
5.715725742822005406e-01
5.701903520087707733e-01
5.713393213850725960e-01
5.697458351933214482e-01
5.715980173820743859e-01
5.697458351933214482e-01
5.714865001222854124e-01
5.712106327627587410e-01
5.691749040239106883e-01
5.677191935978540549e-01
5.714288105969818066e-01
5.713754052626717206e-01
5.714727281732949749e-01
5.671476445676435496e-01
5.692574665521215049e-01
5.316113295208592104e-01
5.317184310316938056e-01
5.356298048357298613e-01
5.678691383357061806e-01
5.676485022816197823e-01
5.712407399140720932e-01
5.678691383357061806e-01
5.711073533245318856e-01
5.701223459897406531e-01
5.670022985998901532e-01
5.702231745473530511e-01
5.716270094038677918e-01
5.704648258832116792e-01
5.657810755873283748e-01
5.702522507386775796e-01
5.678691383357061806e-01
5.704621819291746387e-01
5.673619155317657370e-01
5.715445312697983171e-01
5.700523415406497652e-01
5.691758899190015875e-01
5.688339140727287635e-01
5.440738623074480307e-01
5.701705860741982379e-01
5.698511221357803747e-01
5.710421063205142200e-01
5.668386824629438880e-01
5.709378458961134051e-01
5.656060761799495129e-01
5.689835004546304198e-01
5.575371877049044578e-01
5.695796887705455447e-01
5.714494967521325242e-01
5.692914139163791631e-01
5.714273903641550190e-01
5.713385300589493010e-01
5.007280751642206873e-01
5.659968386399202300e-01
5.716002041608208017e-01
5.715767274534090392e-01
5.637339815122854869e-01
5.694424581772270511e-01
5.689877608990698832e-01
5.681332211022671608e-01
5.687932957355299468e-01
5.712590765781044855e-01
5.716266343291365182e-01
5.716270059805439452e-01
5.705407554434689388e-01
5.715683748269704267e-01
5.706444729012404293e-01
5.716231040336566815e-01
5.714334974234167586e-01
5.711977260538119161e-01
5.708967902101322878e-01
5.678691383357061806e-01
5.716181819448065138e-01
5.716270094038677918e-01
5.715787824861082722e-01
5.713321218926994405e-01
5.716224311226060228e-01
5.700003368374365609e-01
5.714811088886895263e-01
5.716248726675652314e-01
5.716270075059421973e-01
5.716270092614462728e-01
5.688709126679070138e-01
5.673200810984828646e-01
5.713079039952801974e-01
5.659968386399202300e-01
5.714163849484381608e-01
5.715480637608625347e-01
5.716251131178037292e-01
5.678691383357061806e-01
5.701187564730512136e-01
5.715753780195912404e-01
5.715952030752493584e-01
5.716135245137652365e-01
5.716113033422454137e-01
5.641288572070658480e-01
5.708269580891598416e-01
5.701328749944236662e-01
5.656452514602450243e-01
5.694229182488994567e-01
5.714547180864151255e-01
5.716270092703998884e-01
5.716270092781985390e-01
5.713588793455530723e-01
5.696430301131675256e-01
5.716270094038677918e-01
5.715755657622501040e-01
5.641288572070658480e-01
5.698625779179303796e-01
5.716170507988855842e-01
5.659968386399202300e-01
5.678691383357061806e-01
5.660326294579740569e-01
5.712176914523919846e-01
5.678691383357061806e-01
5.643515914201051586e-01
5.716270094038677918e-01
5.714858713934820589e-01
5.715999630838712875e-01
5.678691383357061806e-01
5.658827688921597154e-01
5.652341851361759595e-01
5.715778701791098815e-01
5.560422581705702916e-01
5.715126683759188531e-01
5.716048254418975016e-01
5.716148965313949670e-01
5.716268221727092147e-01
5.716107070015790104e-01
5.716002041608210238e-01
5.678691383357061806e-01
5.666227891577170217e-01
5.686236871251657554e-01
5.703595820053179999e-01
5.715479167158215024e-01
5.715875964014754951e-01
5.716105365094423796e-01
5.678691383357061806e-01
5.714543866358678947e-01
5.678691383357061806e-01
5.715836914906812227e-01
5.705866277876230352e-01
5.683527610886780490e-01
5.716078982606496162e-01
5.716267886974677470e-01
5.659968386399202300e-01
5.716083838956154128e-01
5.716249288331582967e-01
5.716270094038677918e-01
5.716229398113353843e-01
5.715762421337232668e-01
5.711225829238362195e-01
5.700355882166915356e-01
5.693782463309343678e-01
5.715340621431496126e-01
5.715357808366602343e-01
5.693808606798567151e-01
5.716121943075374023e-01
5.716269983761127493e-01
5.700817970207761043e-01
5.263300013693215096e-01
5.699717378566783177e-01
5.713066378520104127e-01
5.697444087823013703e-01
5.716251130855833917e-01
5.715911431656996999e-01
5.716238152249544235e-01
5.716270073928071405e-01
5.690372390503033451e-01
5.714555337608009378e-01
5.715639839815597201e-01
5.712739072071582047e-01
5.714884366498009793e-01
5.715823235880133080e-01
5.716270094038677918e-01
5.705334975435795153e-01
5.713144765934612401e-01
5.698119243534729428e-01
5.690438325293358801e-01
5.697458351933214482e-01
5.716270094038677918e-01
5.716265396854345315e-01
5.715753126327538514e-01
5.715761581866610763e-01
5.705043189297318573e-01
5.716256639645603821e-01
5.715314063191629934e-01
5.715933793514371697e-01
5.716270092218839194e-01
5.716187115797570772e-01
5.708068612638997896e-01
5.705920384383724731e-01
5.712769708341716157e-01
5.678691383357061806e-01
5.679479355750306491e-01
5.678691383357061806e-01
5.678691383357061806e-01
5.703119311593398688e-01
5.715409428082635079e-01
5.681016481939881180e-01
5.690925200192629152e-01
5.709068369463453640e-01
5.716269160973777019e-01
5.716270094038677918e-01
5.716268874113359377e-01
5.712342803703198690e-01
5.716045461199139588e-01
5.715352650365452813e-01
5.699393130615902914e-01
5.716270094038677918e-01
5.703605870977085379e-01
5.678691383357061806e-01
5.714114797039422378e-01
5.678691383357061806e-01
5.716080547294765113e-01
5.715299526296711008e-01
5.654783547208381833e-01
5.716075598680018244e-01
5.697574012791098985e-01
5.694462483311080181e-01
5.716249410140838982e-01
5.716267071243474884e-01
5.713934392517803218e-01
5.710140076068879189e-01
5.714785303638612035e-01
5.707352573021922115e-01
5.715046302123636401e-01
5.715900094668946441e-01
5.696829895364001750e-01
5.716267640169045983e-01
5.688776178245225079e-01
5.650268222089400716e-01
5.678691383357061806e-01
5.714477453826261044e-01
5.715984586493920716e-01
5.713734796299800855e-01
5.716027874662803487e-01
5.622651163918700457e-01
5.715779377488007240e-01
5.716263738952778173e-01
5.700664294385262565e-01
5.686874324326359753e-01
5.715687484109696070e-01
5.714464049307408366e-01
5.705089343257581103e-01
5.708592972341599570e-01
5.715478060183958320e-01
5.659968386399202300e-01
5.715727600491673499e-01
5.680062491675198499e-01
5.715405270466475951e-01
5.716270094038677918e-01
5.700797022649125578e-01
5.715309598933540070e-01
5.715694472621364319e-01
5.715446204714211831e-01
5.685081552736426236e-01
5.716230949353326984e-01
5.716270094038677918e-01
5.716270093462312296e-01
5.716270092852089313e-01
5.716232399998282254e-01
5.623129964918486268e-01
5.713739112796019093e-01
5.716269948357757258e-01
5.716270094038677918e-01
5.715643965600675225e-01
5.714747756706699544e-01
5.703500805322087031e-01
5.659968386399202300e-01
5.659968386399202300e-01
5.714781961769157537e-01
5.716255371973693045e-01
5.716270094038677918e-01
5.678691383357061806e-01
5.715890432560710721e-01
5.716124918910951980e-01
5.710867205823586534e-01
5.716270094038677918e-01
5.716250811316774261e-01
5.716270094038677918e-01
5.714430754254111733e-01
5.715321546108782513e-01
5.716270094038677918e-01
5.716270094038677918e-01
5.716270094038677918e-01
5.716270094038677918e-01
5.716193173006326456e-01
5.716213591045368192e-01
5.714660159763065295e-01
5.716270094038677918e-01
5.716270094038677918e-01
5.716270094038677918e-01
5.716270094038677918e-01
5.716270094038677918e-01
5.716270094038677918e-01
5.716270094038677918e-01
5.716150994723219192e-01
5.716122659217544033e-01
5.716270094038677918e-01
5.576219669188859918e-01
5.712103176584245601e-01
5.713347814347933262e-01
5.716124918910951980e-01
5.716270094038677918e-01
5.692977870117403860e-01
5.716270094038677918e-01
5.715778414080131542e-01
5.716270076385070453e-01
5.711769761527772937e-01
5.716122659217544033e-01
5.716178167372603092e-01
5.716270094038676808e-01
5.641288572070658480e-01
5.649832871124756961e-01
5.716270094038677918e-01
5.716270081779815104e-01
5.695591447213232961e-01
5.710866856860499219e-01
5.716270094038677918e-01
5.716270094038677918e-01
5.716270094038677918e-01
5.716270094038677918e-01
5.716270094038677918e-01
5.678691383357061806e-01
5.716270094038677918e-01
5.669923595201096234e-01
5.716270094038677918e-01
5.716270094038677918e-01
5.716270094038677918e-01
5.712103176584245601e-01
5.716101620088254176e-01
5.716270094038677918e-01
5.716268746482628949e-01
5.716270070025217809e-01
5.716248139509687576e-01
5.715756810395535847e-01
5.716270079601553089e-01
5.678691383357061806e-01
5.716270094038677918e-01
5.716270094038677918e-01
5.702246315857553149e-01
5.716265134247398016e-01
5.685482271267756627e-01
5.716270094038677918e-01
5.716270094038677918e-01
5.678691383357061806e-01
5.716131647900256629e-01
5.703050593805176760e-01
5.714933075314345690e-01
5.716118146723856430e-01
5.716138254359142135e-01
5.142621896286452277e-01
5.714977736595092672e-01
5.716142735783158457e-01
5.716111209212766386e-01
5.692142328828854181e-01
5.716269917224161556e-01
5.716249664729089464e-01
5.716152932193919733e-01
5.680732930448777473e-01
5.716001616667665264e-01
5.701867424873656720e-01
5.716099074793464796e-01
5.716270094038677918e-01
5.716020039820741694e-01
5.716266244250675088e-01
5.715846019745881579e-01
5.716270076633114261e-01
5.716248940436206016e-01
5.716181547924209516e-01
5.716270094038677918e-01
5.678691383357061806e-01
5.684872975699846176e-01
5.678073071128031390e-01
5.716270094038677918e-01
5.716270094038677918e-01
5.716270094038679028e-01
5.716250718560260680e-01
5.716270094038677918e-01
5.716270094038677918e-01
5.716270086764958513e-01
5.716270004976531371e-01
5.716268625498686085e-01
5.678691383357061806e-01
5.712767683428436882e-01
5.716248266414678536e-01
5.716270003786276810e-01
5.716267209470212718e-01
5.716223357466291288e-01
5.716268058736921898e-01
5.716265383054808247e-01
5.716270094038677918e-01
5.716270094038677918e-01
5.585945364674308466e-01
5.694695292357736527e-01
5.716270094038677918e-01
5.716270094038677918e-01
5.716270094038677918e-01
5.716270094038677918e-01
5.625777949733660188e-01
5.711660990378075731e-01
5.487120637643090326e-01
5.704286472919852802e-01
5.715787478902073504e-01
5.716270094038677918e-01
5.710615629503517088e-01
5.716204103252305879e-01
5.684483460770954899e-01
5.684498664408667024e-01
5.714743569383968769e-01
5.716200512230782405e-01
5.700557813933677664e-01
5.716270094038677918e-01
5.716270094038677918e-01
5.715019906047519305e-01
5.696173934259030069e-01
5.716270093756974369e-01
5.715708280427751475e-01
5.716270094038677918e-01
5.716270089308688185e-01
5.659968386399202300e-01
5.715554217751217525e-01
5.716262316920724951e-01
5.716074894646300253e-01
5.714891812109000879e-01
5.716270094038677918e-01
5.659968386399202300e-01
5.716064181242421771e-01
5.716270094038677918e-01
5.681528963739626015e-01
5.716270094038677918e-01
5.716270094038677918e-01
5.716270094038677918e-01
5.714296561256140272e-01
5.716270093706012911e-01
5.703594163463702182e-01
5.716232405363533831e-01
5.716270094038679028e-01
5.716270071225342253e-01
5.716232425230935998e-01
5.715859730177097475e-01
5.716270088716060016e-01
5.678691383357061806e-01
5.700466216020819710e-01
5.229805795306985416e-01
5.229734435093722489e-01
5.710316703846418651e-01
5.716268851223436087e-01
5.716249926552661176e-01
5.716190387494490821e-01
5.715839593412448405e-01
5.716249910522825939e-01
5.716213566141052915e-01
5.716270093855101431e-01
5.678691383357061806e-01
5.715940960105190261e-01
5.716270094038677918e-01
5.716251259466567092e-01
5.702402014814391684e-01
5.716270094038677918e-01
5.716270094038677918e-01
5.716269603749328798e-01
5.716270069144320232e-01
5.709487148473234575e-01
5.713798001016819894e-01
5.684279304610393435e-01
5.716268638361530208e-01
5.716270094038677918e-01
5.715718271912249016e-01
5.712959761920058943e-01
5.713068012574689103e-01
5.678691383357061806e-01
5.716270094038677918e-01
5.708620959588383004e-01
5.716266429909004909e-01
5.684529786975148768e-01
5.716184616269428531e-01
5.705288435955904180e-01
5.688216632412359530e-01
5.714844969758481330e-01
5.703242388983857936e-01
5.716270049432025102e-01
5.714822023595014233e-01
5.671344618489826406e-01
5.716163857447473795e-01
5.715201674061125559e-01
5.716270093925945872e-01
5.716270094038677918e-01
5.714724169890358363e-01
5.715704892186823649e-01
5.716270094038677918e-01
5.690254206809505222e-01
5.716270089255613973e-01
5.678691383357061806e-01
5.716270035482140521e-01
5.603167751967361720e-01
5.678691383357061806e-01
5.668867395267600529e-01
5.716105857368797283e-01
5.706713911569352149e-01
5.714838973680138601e-01
4.235007884773196452e-01
5.716270094038677918e-01
5.706957807240843339e-01
5.699901329233365566e-01
5.704238977701976410e-01
5.676495426862657734e-01
5.714966731061011940e-01
5.716270061457087159e-01
5.659968386399202300e-01
5.716034015649823496e-01
5.714518691920196236e-01
5.714897278959618632e-01
5.702855325097748729e-01
5.708609475206229966e-01
5.709642520721751602e-01
5.716270094038677918e-01
5.712813514402399484e-01
5.716270094038677918e-01
5.716270094038677918e-01
5.716270094038677918e-01
5.716266226877206869e-01
5.716270019642317735e-01
5.716270094038677918e-01
5.714758109662719798e-01
5.698078420596188742e-01
5.716270094038677918e-01
5.716247562505770707e-01
5.716156888730524743e-01
5.716160835621717506e-01
5.704037593013500107e-01
5.716270094038677918e-01
5.716270094038677918e-01
5.711026864817974058e-01
5.716250219381637798e-01
5.716270094038677918e-01
5.706477574723848312e-01
5.716258743463251690e-01
5.716270094038677918e-01
5.716125799613875902e-01
5.575256960722692057e-01
5.716236020301086462e-01
5.657574976643433562e-01
5.709630403875420868e-01
5.716270094038677918e-01
5.715203073143293455e-01
5.707618502268070326e-01
5.716270094038677918e-01
5.716270094038677918e-01
5.716251259639294480e-01
5.703910175715636299e-01
5.716270094038677918e-01
5.716270094038677918e-01
5.715217446975254800e-01
5.687362682802419300e-01
5.714938440769181671e-01
5.716267973218506215e-01
5.716270094038677918e-01
5.716270094038677918e-01
5.704368347534050088e-01
5.716270094038677918e-01
5.716168443690851086e-01
5.716269879330255765e-01
5.716043590797743601e-01
5.699756073028890979e-01
5.716270094038677918e-01
5.716113697716911357e-01
5.712711205829718031e-01
5.716270091841194612e-01
5.709005931686511603e-01
5.716270094038677918e-01
5.706928014673824379e-01
5.716270094038677918e-01
5.713293373820858001e-01
5.716247704519351602e-01
5.716102348960812041e-01
5.716191568609434448e-01
5.685583820534098054e-01
5.714013129868955598e-01
5.716270094038677918e-01
5.712509286861151558e-01
5.711298105904974998e-01
5.711559810011166416e-01
5.715854842194194596e-01
5.716270094038677918e-01
5.700713476627019549e-01
5.706708533531521521e-01
5.687375046410716450e-01
5.686926202622670790e-01
5.657354880794438490e-01
5.714152444535434139e-01
5.716269121433733558e-01
5.716251086729179365e-01
5.710012507258018788e-01
5.706035985248764097e-01
5.716270094038677918e-01
5.688923015381013304e-01
5.716270093078066328e-01
5.706439074222428021e-01
5.716270094038677918e-01
5.708043802962916580e-01
5.713584552601337352e-01
5.716270094038677918e-01
5.637053625774475218e-01
5.716116230397046971e-01
5.716113278299277400e-01
5.663784346171180095e-01
5.714940217432304959e-01
5.678691383357061806e-01
5.716270094038677918e-01
5.707388045325865189e-01
5.716270094038677918e-01
5.716270094038677918e-01
5.716270094038677918e-01
5.716270094038677918e-01
5.678691383357061806e-01
5.714935394498421584e-01
5.602996677818179450e-01
5.678691383357061806e-01
5.708200423008944480e-01
5.716270038015072164e-01
5.712030354274546529e-01
5.702437113867212526e-01
5.678691383357061806e-01
5.716270094038677918e-01
5.686433039990727023e-01
5.716088578118340147e-01
5.716220840794066227e-01
5.715814316846024035e-01
5.716226965681034944e-01
5.716051722947319558e-01
5.716270094038677918e-01
5.714796196225220282e-01
5.716270094038677918e-01
5.716270077096858859e-01
5.716270094038677918e-01
5.716232421637728045e-01
5.716270094038677918e-01
5.710773350315655472e-01
5.710908062328181600e-01
5.716270094038677918e-01
5.716213591045367082e-01
5.620758278399750063e-01
5.713179018752388982e-01
5.716270094038677918e-01
5.716270094038677918e-01
5.715562622345405908e-01
5.716247976356889637e-01
5.707753156814932005e-01
5.716244000617212162e-01
5.715874415905735084e-01
5.715659589601391755e-01
5.711413208494956484e-01
5.713948935351995662e-01
5.716270094038676808e-01
5.641288572070658480e-01
5.715963864743258682e-01
5.678691383357061806e-01
5.641288572070658480e-01
5.716270094038676808e-01
5.716269817978671952e-01
5.711015872646221236e-01
5.716153153402128151e-01
5.716237354851508856e-01
5.714739702057516357e-01
5.716185942414885313e-01
5.716243165234868862e-01
5.715470447415939015e-01
5.641288572070658480e-01
5.714664383319514318e-01
5.715383397367391760e-01
5.716250451531950105e-01
5.715634902926700622e-01
5.707787966927198031e-01
5.715954399434940436e-01
5.713783931830265228e-01
5.715852972422711398e-01
5.709812571164067929e-01
5.716244677978271627e-01
5.708461178105466161e-01
5.716270086855317345e-01
5.716270094038677918e-01
5.707611059845374424e-01
5.707364156895443630e-01
5.716270094038677918e-01
5.716248870882476574e-01
5.696725606371542128e-01
5.716221938972187999e-01
5.715106795588129618e-01
5.716189007911317566e-01
5.716270077093081881e-01
5.716264467105218738e-01
5.707049266880145355e-01
5.705007371867474308e-01
5.716251205057052420e-01
5.713265066840862438e-01
5.716241359293381397e-01
5.713588994098647289e-01
5.701084511870813110e-01
5.716270094038677918e-01
5.716270049788183538e-01
5.716256122612753954e-01
5.685647137165186216e-01
5.695354239850258793e-01
5.711618042398458606e-01
5.716162967643327875e-01
5.716231767495409954e-01
5.715225149035605412e-01
5.716270094038677918e-01
5.713827137807734324e-01
5.715997104941912266e-01
5.716171710038436826e-01
5.716247947267246721e-01
5.678691383357061806e-01
5.716224138994454584e-01
5.716270094038677918e-01
5.716015260077080828e-01
5.715958715380192734e-01
5.714126821040177440e-01
5.715899769249335183e-01
5.716270094038677918e-01
5.716270094038677918e-01
5.716147414330036147e-01
5.716270094038677918e-01
5.708420103129794310e-01
5.715347411248954401e-01
5.715932184334930888e-01
5.716269972079597306e-01
5.716251175597024670e-01
5.715283543109916931e-01
5.714269945946437446e-01
5.714529696597595576e-01
5.711348547409086374e-01
5.716270094038677918e-01
5.716150287673771313e-01
5.716250694388592679e-01
5.707341021198348852e-01
5.715596519287542421e-01
5.714748154296073190e-01
5.715599895326697322e-01
5.712315874086433265e-01
5.716268932585775175e-01
5.716270094038677918e-01
5.678691383357061806e-01
5.715024469233759286e-01
5.716266525655401276e-01
5.716270094038677918e-01
5.713684598577337681e-01
5.716204437655854065e-01
5.716270094038677918e-01
5.716206675990406216e-01
5.716023020152249945e-01
5.716270094038677918e-01
5.714323909281263658e-01
5.697346831686251889e-01
5.711863389768135901e-01
5.708487210399328937e-01
5.704685185563517225e-01
5.716270094038677918e-01
5.716270094038679028e-01
5.715462163691686914e-01
5.715382020395098905e-01
5.716270094038677918e-01
5.678691383357061806e-01
5.716267124033773683e-01
5.678691383357061806e-01
5.716270094038677918e-01
5.678691383357061806e-01
5.707225575001968476e-01
5.715083415577209003e-01
5.678691383357061806e-01
5.697620952376257764e-01
5.716270094038677918e-01
5.709221666024151265e-01
5.716270094038677918e-01
5.716270094038677918e-01
5.664869604928927105e-01
5.716248682598188413e-01
5.716270094038677918e-01
5.716270094038677918e-01
5.716186530669488119e-01
5.715009059262265989e-01
5.716025533537323344e-01
5.716270094038677918e-01
5.716270094038677918e-01
5.678691383357061806e-01
5.678691383357061806e-01
5.690997503666543889e-01
5.716158519562977158e-01
5.715840981053598169e-01
5.713765699515895857e-01
5.716000307194244456e-01
5.604055397653600057e-01
5.715999694945277376e-01
5.716186433572971737e-01
5.714400935962650196e-01
5.716270094038677918e-01
5.678691383357061806e-01
5.716268920469622650e-01
5.678691383357061806e-01
5.716270094038677918e-01
5.715931082232368343e-01
5.716250909476218167e-01
5.716197526702528897e-01
5.694782868585263058e-01
5.678691383357061806e-01
5.716269478076787536e-01
5.716270005440056146e-01
5.716200482470810140e-01
5.716077475670769958e-01
5.688786944706644144e-01
5.710437802876084934e-01
5.657319425597432394e-01
5.715893821984270318e-01
5.713624206249707793e-01
5.659473309482494496e-01
5.698412399369865433e-01
5.710989621994394527e-01
5.659289094984725210e-01
5.667772260120869099e-01
5.713879964162613678e-01
5.698262239717590827e-01
5.678691383357061806e-01
5.716024753947175352e-01
5.716232336849067508e-01
5.716021397612544019e-01
5.713633934412509774e-01
5.713267918210793717e-01
5.716270094038677918e-01
5.714618515056066883e-01
5.716153960435046422e-01
5.716164380586061800e-01
5.714133850418685601e-01
5.716165100084145134e-01
5.713769792720959639e-01
5.716159698589027283e-01
5.716091783389127823e-01
5.716270094038677918e-01
5.716270094038677918e-01
5.678691383357061806e-01
5.678691383357061806e-01
5.716270094038677918e-01
5.716145135592469728e-01
5.716270094038677918e-01
5.715996459834539190e-01
5.716270094038677918e-01
5.716270094038677918e-01
5.716270094038677918e-01
5.716270094038677918e-01
5.716270094038677918e-01
5.715830725981232430e-01
5.716270094038677918e-01
5.716270094038677918e-01
5.716270094038677918e-01
5.716133534516840697e-01
5.716085901806515768e-01
5.709606429947517992e-01
5.715806523386215421e-01
5.716270094038677918e-01
5.716270094038677918e-01
5.716270094038679028e-01
5.715777547192959496e-01
5.715284692980449055e-01
5.716264022428707570e-01
5.716256165001147860e-01
5.716256880125647477e-01
5.710263723060122754e-01
5.715216163595643328e-01
5.715789172549095021e-01
5.716259931328415700e-01
5.716174990789006927e-01
5.716270092089144050e-01
5.716242219944520642e-01
5.716232409426607042e-01
5.697458351933214482e-01
5.716239469513275662e-01
5.714174780403367127e-01
5.712477131663877827e-01
5.674051741070541555e-01
5.716184936447938902e-01
5.713470780422886808e-01
5.552126496632410202e-01
5.670674462531470894e-01
5.715020110322290847e-01
5.712412234088918295e-01
5.715886489516632807e-01
5.715983051992493680e-01
5.705961153468610547e-01
5.715987881272461824e-01
5.716270001818919422e-01
5.716270094038677918e-01
5.716270094038677918e-01
5.715384081528721572e-01
5.716269488934202503e-01
5.716270094038679028e-01
5.716190556348503815e-01
5.714990457170544547e-01
5.716270094038677918e-01
5.714698024689208733e-01
5.716270094038677918e-01
5.716270094038677918e-01
5.716151525090922281e-01
5.715826863876384278e-01
5.714445258173851405e-01
5.659968386399202300e-01
5.716270094038679028e-01
5.716270094038677918e-01
5.687906702680125548e-01
5.659968386399202300e-01
5.694007463649690681e-01
5.684423793625648091e-01
5.716270094038677918e-01
5.678691383357061806e-01
5.680355789474132999e-01
5.716270094038677918e-01
5.716270094038677918e-01
5.716270094038677918e-01
5.716270094038677918e-01
5.713948390740977157e-01
5.716124515904117409e-01
5.716229891303368227e-01
5.716231330825716217e-01
5.716214648933337639e-01
5.716214648933337639e-01
5.684423793625648091e-01
5.716270094038677918e-01
5.684394649028001734e-01
5.716182782189327405e-01
5.700021375498125487e-01
5.716206047643431765e-01
5.700079029560752852e-01
5.716270094038677918e-01
5.714849818637701695e-01
5.715916267312899368e-01
5.715903128902823926e-01
5.716221594107383508e-01
5.716244096997910029e-01
5.716213940150270956e-01
5.712621109253477325e-01
5.713183559492749364e-01
5.691001691597077361e-01
5.712646381653235794e-01
5.716270094038677918e-01
5.716171743045436182e-01
5.716270094038677918e-01
5.716270070009001891e-01
5.716270094038676808e-01
5.710534320858617896e-01
5.716270094038677918e-01
5.709447924878072733e-01
5.678691383357061806e-01
5.649890155446115614e-01
5.716270094038679028e-01
5.715565478096762408e-01
5.716231358745603730e-01
5.716270094038676808e-01
5.715927598037386925e-01
5.716160779397599923e-01
5.716270094038677918e-01
5.716270094038676808e-01
5.700466216020819710e-01
5.716215697232132076e-01
5.716270094038676808e-01
5.716257064522108911e-01
5.716270094038677918e-01
5.716270094038677918e-01
5.716270094038677918e-01
5.716270094038677918e-01
5.716223326792172488e-01
5.702711126516954998e-01
5.716270094038677918e-01
5.716261644267588427e-01
5.716270094038677918e-01
5.697458351933214482e-01
5.697458351933214482e-01
5.716270094038677918e-01
5.716270094038676808e-01
5.716270094038677918e-01
5.716270094038677918e-01
5.716270094038676808e-01
5.716270094038676808e-01
5.716270094038677918e-01
5.716270094038677918e-01
5.716270094038677918e-01
5.716270094038677918e-01
5.716270094038677918e-01
5.716007295513803044e-01
5.714199268325347303e-01
5.713659861755679970e-01
5.716167137427057288e-01
5.716264204019512185e-01
5.716134107770628470e-01
5.715565261753139392e-01
5.679591186835629690e-01
5.716269618271541120e-01
5.713811719093312425e-01
5.716270094038676808e-01
5.714042393854602553e-01
5.716270094038677918e-01
5.716270094038676808e-01
5.716270094038677918e-01
5.716270094038677918e-01
5.716270094038677918e-01
5.715798483928351548e-01
5.636494740208657372e-01
5.712136651056470837e-01
5.698156030709115027e-01
5.669653229312308085e-01
5.715679734790077848e-01
5.714081265991959313e-01
5.716268726406761314e-01
5.713572377118236734e-01
5.715518637940990576e-01
5.715579472071677936e-01
5.645823837240097065e-01
5.714930996014044862e-01
5.716270094038677918e-01
5.716270094038677918e-01
5.714499828016768035e-01
5.678691383357061806e-01
5.715427089685440887e-01
5.716170353118142922e-01
5.715895891194195944e-01
5.678498570266727885e-01
5.709293851011156828e-01
5.678691383357061806e-01
5.713105485241731785e-01
5.678691383357061806e-01
5.715537040144849090e-01
5.716259372803444982e-01
5.716177985023598307e-01
5.715302599510085901e-01
5.713529453925428880e-01
5.707481657812110143e-01
5.657070206976191340e-01
5.704586597186609431e-01
5.686793055630943172e-01
5.704917943925251755e-01
5.697737452921367574e-01
5.702455490342677180e-01
5.716270094038677918e-01
5.716270093702148225e-01
5.709908258715721274e-01
5.716251225460005081e-01
5.716270094038677918e-01
5.716259703884846166e-01
5.712164972058315637e-01
5.687061310338431541e-01
5.716251245790964219e-01
5.716270094038677918e-01
5.716107993972372459e-01
5.193781774349126579e-01
5.686624398846573669e-01
5.678691383357061806e-01
5.677530518058629960e-01
5.716168377680417301e-01
5.709242932979863294e-01
5.714734926719137187e-01
5.716098809272294190e-01
5.716130939072394668e-01
5.716267174366744808e-01
5.680343052699092787e-01
5.703450866373120931e-01
5.712036576748241723e-01
5.716248119744253842e-01
5.716264749921284860e-01
5.716065291456604580e-01
5.716118682047310884e-01
5.716096713882199420e-01
5.715535587120073036e-01
5.715758316341310596e-01
5.716267716715630609e-01
5.716121793941271179e-01
5.716202409138327889e-01
5.707164897465670794e-01
5.710576063095678112e-01
5.716234583782595635e-01
5.712312827660127601e-01
5.711333282235659947e-01
5.716052589134288375e-01
5.716049886507088562e-01
5.703060907003454361e-01
5.716043812114089961e-01
5.716141256430641304e-01
5.716186282156239251e-01
5.716270094038677918e-01
5.716270094038679028e-01
5.716270094038677918e-01
5.716270094038677918e-01
5.716270094038677918e-01
5.716270094038677918e-01
5.715554419765043193e-01
5.716250353812071250e-01
5.715977784786343552e-01
5.716270094038677918e-01
5.702155744277729310e-01
5.715891421391385840e-01
5.716269059318450640e-01
5.678691383357061806e-01
5.692912669668062087e-01
5.716259455192711503e-01
5.714833038899200801e-01
5.710775769523490641e-01
5.716268184730471935e-01
5.716173004708251515e-01
5.692480778042978695e-01
5.650680213891239312e-01
5.716270094038677918e-01
5.716261137219571520e-01
5.714848127380868226e-01
5.716270094038677918e-01
5.716270094038677918e-01
5.716270094038677918e-01
5.716270087942852962e-01
5.713117820655148060e-01
5.678691383357061806e-01
5.716270094038677918e-01
5.711987077319349293e-01
5.716267997058395167e-01
5.715288912630633877e-01
5.716270094038677918e-01
5.716270094038677918e-01
5.716209492535939685e-01
5.699281117085552850e-01
5.716251256520663571e-01
5.716266839022433599e-01
5.716270094038677918e-01
5.716270094038677918e-01
5.716270094038677918e-01
5.716270087758736906e-01
5.716270094038677918e-01
5.716270094038677918e-01
5.716270094038677918e-01
5.716270094038677918e-01
5.716270094038677918e-01
5.716270094038677918e-01
5.695690518618091724e-01
5.716231787689736166e-01
5.715624071429864506e-01
5.716231787689736166e-01
5.716270027103591556e-01
5.716269848184480917e-01
5.716170070153340221e-01
5.716270094038677918e-01
5.716012158673164922e-01
5.716270094038677918e-01
5.716270094038679028e-01
5.706673009096858706e-01
5.716270094038677918e-01
5.711035889638919061e-01
5.716251258158597803e-01
5.716270094038677918e-01
5.714554777103728611e-01
5.715157629203819756e-01
5.716270093060660251e-01
5.716270093060660251e-01
